카톡구현연습/libraries/test-common/build/intermediates/manifest_merge_blame_file/debug/manifest-merger-blame-debug-report.txt
1<?xml version="1.0" encoding="utf-8"?>
2<manifest xmlns:android="http://schemas.android.com/apk/res/android"
3    package="com.kakao.test.common"
4    android:versionCode="82"
5    android:versionName="1.22.0" >
6
7    <uses-sdk
8        android:minSdkVersion="16"
8-->src\main\AndroidManifest.xml
9        android:targetSdkVersion="29" />
9-->src\main\AndroidManifest.xml
10
11    <uses-permission android:name="android.permission.INTERNET" />
11-->src\main\AndroidManifest.xml:5:5-66
11-->src\main\AndroidManifest.xml:5:22-64
12    <uses-permission android:name="android.permission.WRITE_EXTERNAL_STORAGE" />
12-->src\main\AndroidManifest.xml:6:5-80
12-->src\main\AndroidManifest.xml:6:22-78
13    <uses-permission android:name="android.permission.WRITE_INTERNAL_STORAGE" />
13-->src\main\AndroidManifest.xml:7:5-80
13-->src\main\AndroidManifest.xml:7:22-78
14
15    <application
15-->src\main\AndroidManifest.xml:9:5-16:19
16        android:allowBackup="false"
16-->src\main\AndroidManifest.xml:10:9-36
17        android:supportsRtl="false"
17-->src\main\AndroidManifest.xml:11:9-36
18        android:theme="@android:style/Theme.Holo.Light.NoActionBar" >
18-->src\main\AndroidManifest.xml:12:9-68
19        <meta-data
19-->src\main\AndroidManifest.xml:13:9-15:42
20            android:name="com.kakao.sdk.AppKey"
20-->src\main\AndroidManifest.xml:14:13-48
21            android:value="1234567890A" />
21-->src\main\AndroidManifest.xml:15:13-40
22    </application>
23
24</manifest>